This is e-upTeX, Version 3.141592653-p4.1.2-u2.00-250202-2.6 (utf8.sjis) (TeX Live 2025) (preloaded format=platex 2025.9.18)  21 DEC 2025 13:56
entering extended mode
 restricted \write18 enabled.
 %&-line parsing enabled.
**c:/Users/ats_1/Desktop/Master-Thesis/sotsuron.tex
(c:/Users/ats_1/Desktop/Master-Thesis/sotsuron.tex
pLaTeX2e <2023-02-14>+1, based on
LaTeX2e <2025-06-01> patch level 1
L3 programming layer <2025-09-02>
(c:/texlive/2025/texmf-dist/tex/platex/base/jreport.cls
Document Class: jreport 2020/09/30 v1.8f Standard pLaTeX class
\c@@paper=\count274
(c:/texlive/2025/texmf-dist/tex/platex/base/jsize12.clo
File: jsize12.clo 2020/09/30 v1.8f Standard pLaTeX file (size option)
)
\c@part=\count275
\c@chapter=\count276
\c@section=\count277
\c@subsection=\count278
\c@subsubsection=\count279
\c@paragraph=\count280
\c@subparagraph=\count281
\c@figure=\count282
\c@table=\count283
\abovecaptionskip=\skip49
\belowcaptionskip=\skip50
\symmincho=\mathgroup4
LaTeX Font Info:    Overwriting symbol font `mincho' in version `bold'
(Font)                  JY1/mc/m/n --> JY1/gt/m/n on input line 704.
\toclineskip=\dimen164
\@lnumwidth=\dimen165
\bibindent=\dimen166
\heisei=\count284
) (./suthesis.sty) (c:/texlive/2025/texmf-dist/tex/latex/graphics/graphicx.sty
Package: graphicx 2024/12/31 v1.2e Enhanced LaTeX Graphics (DPC,SPQR)
(c:/texlive/2025/texmf-dist/tex/latex/graphics/keyval.sty
Package: keyval 2022/05/29 v1.15 key=value parser (DPC)
\KV@toks@=\toks18
) (c:/texlive/2025/texmf-dist/tex/latex/graphics/graphics.sty
Package: graphics 2024/08/06 v1.4g Standard LaTeX Graphics (DPC,SPQR)
(c:/texlive/2025/texmf-dist/tex/latex/graphics/trig.sty
Package: trig 2023/12/02 v1.11 sin cos tan (DPC)
) (c:/texlive/2025/texmf-dist/tex/latex/graphics-cfg/graphics.cfg
File: graphics.cfg 2016/06/04 v1.11 sample graphics configuration
)
Package graphics Info: Driver file: dvipdfmx.def on input line 106.
(c:/texlive/2025/texmf-dist/tex/latex/graphics-def/dvipdfmx.def
File: dvipdfmx.def 2022/09/22 v5.0m Graphics/color driver for dvipdfmx
))
\Gin@req@height=\dimen167
\Gin@req@width=\dimen168
) (c:/texlive/2025/texmf-dist/tex/latex/listings/listings.sty
\lst@mode=\count285
\lst@gtempboxa=\box70
\lst@token=\toks19
\lst@length=\count286
\lst@currlwidth=\dimen169
\lst@column=\count287
\lst@pos=\count288
\lst@lostspace=\dimen170
\lst@width=\dimen171
\lst@newlines=\count289
\lst@lineno=\count290
\lst@maxwidth=\dimen172
(c:/texlive/2025/texmf-dist/tex/latex/listings/lstpatch.sty
File: lstpatch.sty 2024/09/23 1.10c (Carsten Heinz)
) (c:/texlive/2025/texmf-dist/tex/latex/listings/lstmisc.sty
File: lstmisc.sty 2024/09/23 1.10c (Carsten Heinz)
\c@lstnumber=\count291
\lst@skipnumbers=\count292
\lst@framebox=\box71
) (c:/texlive/2025/texmf-dist/tex/latex/listings/listings.cfg
File: listings.cfg 2024/09/23 1.10c listings configuration
))
Package: listings 2024/09/23 1.10c (Carsten Heinz)
(c:/texlive/2025/texmf-dist/tex/latex/jvlisting/jvlisting.sty
Package: jvlisting 2011/11/17 v0.7 Formatted Program Listings
\jvl@idt=\count293
\jvl@tmphyphenchar=\count294
\jvl@fileinput=\read2
\listingskipamount=\skip51
\listingindent=\dimen173
\prelistingpenalty=\count295
\listingpenalty=\count296
\postlistingpenalty=\count297
) (./float.sty
Package: float 2001/11/08 v1.3d Float enhancements (AL)
\c@float@type=\count298
\float@exts=\toks20
\float@box=\box72
\@float@everytoks=\toks21
\@floatcapt=\box73
) (c:/texlive/2025/texmf-dist/tex/latex/l3backend/l3backend-dvips.def
File: l3backend-dvips.def 2025-06-09 L3 backend support: dvips
\l__pdfannot_backend_content_box=\box74
\l__pdfannot_backend_model_box=\box75
\g__pdfannot_backend_int=\count299
\g__pdfannot_backend_link_int=\count300
\g__pdfannot_backend_link_sf_int=\count301
) (out/sotsuron.aux)
\openout1 = `sotsuron.aux'.

LaTeX Font Info:    Checking defaults for OML/cmm/m/it on input line 49.
LaTeX Font Info:    ... okay on input line 49.
LaTeX Font Info:    Checking defaults for OMS/cmsy/m/n on input line 49.
LaTeX Font Info:    ... okay on input line 49.
LaTeX Font Info:    Checking defaults for OT1/cmr/m/n on input line 49.
LaTeX Font Info:    ... okay on input line 49.
LaTeX Font Info:    Checking defaults for T1/cmr/m/n on input line 49.
LaTeX Font Info:    ... okay on input line 49.
LaTeX Font Info:    Checking defaults for TS1/cmr/m/n on input line 49.
LaTeX Font Info:    ... okay on input line 49.
LaTeX Font Info:    Checking defaults for OMX/cmex/m/n on input line 49.
LaTeX Font Info:    ... okay on input line 49.
LaTeX Font Info:    Checking defaults for U/cmr/m/n on input line 49.
LaTeX Font Info:    ... okay on input line 49.
LaTeX Font Info:    Checking defaults for JY1/mc/m/n on input line 49.
LaTeX Font Info:    ... okay on input line 49.
LaTeX Font Info:    Checking defaults for JT1/mc/m/n on input line 49.
LaTeX Font Info:    ... okay on input line 49.
\c@lstlisting=\count302
LaTeX Font Info:    Font shape `JT1/mc/bx/n' in size <20.74> not available
(Font)              Font shape `JT1/gt/m/n' tried instead on input line 50.
LaTeX Font Info:    Font shape `JY1/mc/bx/n' in size <20.74> not available
(Font)              Font shape `JY1/gt/m/n' tried instead on input line 50.
LaTeX Font Info:    External font `cmex10' loaded for size
(Font)              <14.4> on input line 50.
LaTeX Font Info:    External font `cmex10' loaded for size
(Font)              <7> on input line 50.

Overfull \hbox (17.08986pt too wide) in paragraph at lines 50--50
 [][][][] 
 []



[0

]
LaTeX Font Info:    Font shape `JT1/mc/bx/n' in size <14.4> not available
(Font)              Font shape `JT1/gt/m/n' tried instead on input line 53.
LaTeX Font Info:    Font shape `JY1/mc/bx/n' in size <14.4> not available
(Font)              Font shape `JY1/gt/m/n' tried instead on input line 53.


[0]
LaTeX Font Info:    Font shape `JT1/mc/bx/n' in size <24.88> not available
(Font)              Font shape `JT1/gt/m/n' tried instead on input line 59.
LaTeX Font Info:    Font shape `JY1/mc/bx/n' in size <24.88> not available
(Font)              Font shape `JY1/gt/m/n' tried instead on input line 59.
(out/sotsuron.toc
LaTeX Font Info:    Font shape `JT1/mc/bx/n' in size <12> not available
(Font)              Font shape `JT1/gt/m/n' tried instead on input line 1.
LaTeX Font Info:    Font shape `JY1/mc/bx/n' in size <12> not available
(Font)              Font shape `JY1/gt/m/n' tried instead on input line 1.
LaTeX Font Info:    External font `cmex10' loaded for size
(Font)              <12> on input line 3.
LaTeX Font Info:    External font `cmex10' loaded for size
(Font)              <8> on input line 3.
LaTeX Font Info:    External font `cmex10' loaded for size
(Font)              <6> on input line 3.
)
\tf@toc=\write3
\openout3 = `sotsuron.toc'.



[3

] (out/sotsuron.lof)
\tf@lof=\write4
\openout4 = `sotsuron.lof'.



[4

] (out/sotsuron.lot)
\tf@lot=\write5
\openout5 = `sotsuron.lot'.



[5

]
第 1 章


[1

]
第 2 章
LaTeX Font Info:    Font shape `JT1/mc/bx/n' in size <17.28> not available
(Font)              Font shape `JT1/gt/m/n' tried instead on input line 72.
LaTeX Font Info:    Font shape `JY1/mc/bx/n' in size <17.28> not available
(Font)              Font shape `JY1/gt/m/n' tried instead on input line 72.
LaTeX Font Info:    Trying to load font information for OML+cmr on input line 84.
(c:/texlive/2025/texmf-dist/tex/latex/base/omlcmr.fd
File: omlcmr.fd 2024/11/19 v2.5n Standard LaTeX font definitions
)
LaTeX Font Info:    Font shape `OML/cmr/m/n' in size <12> not available
(Font)              Font shape `OML/cmm/m/it' tried instead on input line 84.


[2

]

[3]
第 3 章


[4

]
第 4 章


[5

]
第 5 章


[6


]

[7

] (out/sotsuron.aux)
 ***********
pLaTeX2e <2023-02-14>+1, based on
LaTeX2e <2025-06-01> patch level 1
L3 programming layer <2025-09-02>
 ***********
 ) 
Here is how much of TeX's memory you used:
 2864 strings out of 468440
 42083 string characters out of 5450466
 469791 words of memory out of 5000000
 31527 multiletter control sequences out of 15000+600000
 641366 words of font info for 96 fonts, out of 8000000 for 9000
 929 hyphenation exceptions out of 8191
 57i,12n,65p,288b,1620s stack positions out of 10000i,1000n,20000p,200000b,200000s

Output written on out/sotsuron.dvi (12 pages, 6848 bytes).
